{"name": "TC: 1.53, Verify movies are sorted in correct order", "status": "broken", "statusDetails": {"message": "selenium.common.exceptions.TimeoutException: Message:", "trace": "browser = <selenium.webdriver.chrome.webdriver.WebDriver (session=\"99dc0a8a9269e68aaf7c130b9645aa86\")>\n\n    @allure.title('TC: 1.53, Verify movies are sorted in correct order')\n    def test_correct_order(browser):\n        home_page = homePageObj(browser)\n>       home_page.click_watchmovie()\n\ntests\\test_login.py:1069: \n_ _ _ _ _ _ _ _ _ _ _ _ _ _ _ _ _ _ _ _ _ _ _ _ _ _ _ _ _ _ _ _ _ _ _ _ _ _ _ _ _ _ _ _ _ _ _ _ _ _ _ _ _ _ _ _ _ _ _ _ _ _ _ _ _ _ _ _ _ _ _ _ _ _ _ _ _ _ _ _ _ _ _ _ _ _ _ _ _ _ _ _ _ _ \npages\\home_page.py:147: in click_watchmovie\n    WebDriverWait(self.browser, 55).until(EC.presence_of_element_located(self.action_adventure))\n_ _ _ _ _ _ _ _ _ _ _ _ _ _ _ _ _ _ _ _ _ _ _ _ _ _ _ _ _ _ _ _ _ _ _ _ _ _ _ _ _ _ _ _ _ _ _ _ _ _ _ _ _ _ _ _ _ _ _ _ _ _ _ _ _ _ _ _ _ _ _ _ _ _ _ _ _ _ _ _ _ _ _ _ _ _ _ _ _ _ _ _ _ _ \n\nself = <selenium.webdriver.support.wait.WebDriverWait (session=\"99dc0a8a9269e68aaf7c130b9645aa86\")>\nmethod = <selenium.webdriver.support.expected_conditions.presence_of_element_located object at 0x000002A65B7D5400>, message = ''\n\n    def until(self, method, message=''):\n        \"\"\"Calls the method provided with the driver as an argument until the \\\n        return value is not False.\"\"\"\n        screen = None\n        stacktrace = None\n    \n        end_time = time.time() + self._timeout\n        while True:\n            try:\n                value = method(self._driver)\n                if value:\n                    return value\n            except self._ignored_exceptions as exc:\n                screen = getattr(exc, 'screen', None)\n                stacktrace = getattr(exc, 'stacktrace', None)\n            time.sleep(self._poll)\n            if time.time() > end_time:\n                break\n>       raise TimeoutException(message, screen, stacktrace)\nE       selenium.common.exceptions.TimeoutException: Message:\n\nvenv\\lib\\site-packages\\selenium\\webdriver\\support\\wait.py:80: TimeoutException"}, "steps": [{"name": "Click on watch movie from Action /Adventure cards ", "status": "broken", "statusDetails": {"message": "selenium.common.exceptions.TimeoutException: Message: \n\n", "trace": "  File \"c:\\users\\lenovo\\pycharmprojects\\mgmupdate\\venv\\lib\\site-packages\\allure_commons\\_allure.py\", line 157, in impl\n    return func(*a, **kw)\n  File \"C:\\Users\\lenovo\\PycharmProjects\\mgmUpdate\\pages\\home_page.py\", line 147, in click_watchmovie\n    WebDriverWait(self.browser, 55).until(EC.presence_of_element_located(self.action_adventure))\n  File \"c:\\users\\lenovo\\pycharmprojects\\mgmupdate\\venv\\lib\\site-packages\\selenium\\webdriver\\support\\wait.py\", line 80, in until\n    raise TimeoutException(message, screen, stacktrace)\n"}, "start": 1591097682758, "stop": 1591097744938}], "attachments": [{"name": "Screenshot", "source": "6a8c04c6-8c1e-4428-9ebd-8d1702ea9c59-attachment.png", "type": "image/png"}], "start": 1591097682758, "stop": 1591097744941, "uuid": "0f6bf763-6d13-4f10-8c22-edaa25e25af8", "historyId": "161242574a12cf8b3d2d6c7abf6007ad", "testCaseId": "7655d42ad1164eb5920f92f3b9cdc8ef", "fullName": "tests.test_login#test_correct_order", "labels": [{"name": "parentSuite", "value": "tests"}, {"name": "suite", "value": "test_login"}, {"name": "host", "value": "DESKTOP-R2VTNMP"}, {"name": "thread", "value": "4228-MainThread"}, {"name": "framework", "value": "pytest"}, {"name": "language", "value": "cpython3"}, {"name": "package", "value": "tests.test_login"}]}