{"name": "TC: 3.52, Verify Photos is shown as per selected levels", "status": "broken", "statusDetails": {"message": "selenium.common.exceptions.TimeoutException: Message:", "trace": "browser = <selenium.webdriver.chrome.webdriver.WebDriver (session=\"8b1220fb33135b5de9e7b81cfaf59c73\")>\n\n    @allure.title('TC: 3.52, Verify Photos is shown as per selected levels')\n    def test_photosBYlevel(browser):\n        photos = tvpageObj(browser)\n>       assert photos.verify_photoBylevel() == True, \"photos for series level is not showing. Photos should be displayed \" \\\n                                                     \"for series level \"\n\ntests\\test_login.py:2249: \n_ _ _ _ _ _ _ _ _ _ _ _ _ _ _ _ _ _ _ _ _ _ _ _ _ _ _ _ _ _ _ _ _ _ _ _ _ _ _ _ _ _ _ _ _ _ _ _ _ _ _ _ _ _ _ _ _ _ _ _ _ _ _ _ _ _ _ _ _ _ _ _ _ _ _ _ _ _ _ _ _ _ _ _ _ _ _ _ _ _ _ _ _ _ \npages\\televisions_page.py:302: in verify_photoBylevel\n    WebDriverWait(self.browser, 20).until(EC.presence_of_element_located(self.photos_title))\n_ _ _ _ _ _ _ _ _ _ _ _ _ _ _ _ _ _ _ _ _ _ _ _ _ _ _ _ _ _ _ _ _ _ _ _ _ _ _ _ _ _ _ _ _ _ _ _ _ _ _ _ _ _ _ _ _ _ _ _ _ _ _ _ _ _ _ _ _ _ _ _ _ _ _ _ _ _ _ _ _ _ _ _ _ _ _ _ _ _ _ _ _ _ \n\nself = <selenium.webdriver.support.wait.WebDriverWait (session=\"8b1220fb33135b5de9e7b81cfaf59c73\")>\nmethod = <selenium.webdriver.support.expected_conditions.presence_of_element_located object at 0x0000025702D7E208>, message = ''\n\n    def until(self, method, message=''):\n        \"\"\"Calls the method provided with the driver as an argument until the \\\n        return value is not False.\"\"\"\n        screen = None\n        stacktrace = None\n    \n        end_time = time.time() + self._timeout\n        while True:\n            try:\n                value = method(self._driver)\n                if value:\n                    return value\n            except self._ignored_exceptions as exc:\n                screen = getattr(exc, 'screen', None)\n                stacktrace = getattr(exc, 'stacktrace', None)\n            time.sleep(self._poll)\n            if time.time() > end_time:\n                break\n>       raise TimeoutException(message, screen, stacktrace)\nE       selenium.common.exceptions.TimeoutException: Message:\n\nvenv\\lib\\site-packages\\selenium\\webdriver\\support\\wait.py:80: TimeoutException"}, "steps": [{"name": "Verify Photo title should be displayed by level on tv detailed page", "status": "broken", "statusDetails": {"message": "selenium.common.exceptions.TimeoutException: Message: \n\n", "trace": "  File \"c:\\users\\lenovo\\pycharmprojects\\mgmupdate\\venv\\lib\\site-packages\\allure_commons\\_allure.py\", line 157, in impl\n    return func(*a, **kw)\n  File \"C:\\Users\\lenovo\\PycharmProjects\\mgmUpdate\\pages\\televisions_page.py\", line 302, in verify_photoBylevel\n    WebDriverWait(self.browser, 20).until(EC.presence_of_element_located(self.photos_title))\n  File \"c:\\users\\lenovo\\pycharmprojects\\mgmupdate\\venv\\lib\\site-packages\\selenium\\webdriver\\support\\wait.py\", line 80, in until\n    raise TimeoutException(message, screen, stacktrace)\n"}, "start": 1591093814165, "stop": 1591093837271}], "attachments": [{"name": "Screenshot", "source": "7914e45a-e2aa-42c0-a758-fc5a175dae27-attachment.png", "type": "image/png"}], "start": 1591093814164, "stop": 1591093837271, "uuid": "807f3396-0368-445f-96d0-d33f0c4d9520", "historyId": "fbeb679be42a939dddef63f55d02ae7d", "testCaseId": "acfbbc3943f0951acb230be2defef77d", "fullName": "tests.test_login#test_photosBYlevel", "labels": [{"name": "parentSuite", "value": "tests"}, {"name": "suite", "value": "test_login"}, {"name": "host", "value": "DESKTOP-R2VTNMP"}, {"name": "thread", "value": "5048-MainThread"}, {"name": "framework", "value": "pytest"}, {"name": "language", "value": "cpython3"}, {"name": "package", "value": "tests.test_login"}]}