{"name": "TC : 3.51, Verify Trailer is shown as per selected levels", "status": "broken", "statusDetails": {"message": "selenium.common.exceptions.TimeoutException: Message:", "trace": "browser = <selenium.webdriver.chrome.webdriver.WebDriver (session=\"8b1220fb33135b5de9e7b81cfaf59c73\")>\n\n    @allure.title('TC : 3.51, Verify Trailer is shown as per selected levels')\n    def test_trailerBYlevel(browser):\n        trailer = tvpageObj(browser)\n>       assert trailer.verify_trailerBylevel() == True, \"trailer for episode level is not showing. Trailer should be \" \\\n                                                        \"displayed for episode level. \"\n\ntests\\test_login.py:2234: \n_ _ _ _ _ _ _ _ _ _ _ _ _ _ _ _ _ _ _ _ _ _ _ _ _ _ _ _ _ _ _ _ _ _ _ _ _ _ _ _ _ _ _ _ _ _ _ _ _ _ _ _ _ _ _ _ _ _ _ _ _ _ _ _ _ _ _ _ _ _ _ _ _ _ _ _ _ _ _ _ _ _ _ _ _ _ _ _ _ _ _ _ _ _ \npages\\televisions_page.py:284: in verify_trailerBylevel\n    WebDriverWait(self.browser, 20).until(EC.presence_of_element_located(self.trailer_title))\n_ _ _ _ _ _ _ _ _ _ _ _ _ _ _ _ _ _ _ _ _ _ _ _ _ _ _ _ _ _ _ _ _ _ _ _ _ _ _ _ _ _ _ _ _ _ _ _ _ _ _ _ _ _ _ _ _ _ _ _ _ _ _ _ _ _ _ _ _ _ _ _ _ _ _ _ _ _ _ _ _ _ _ _ _ _ _ _ _ _ _ _ _ _ \n\nself = <selenium.webdriver.support.wait.WebDriverWait (session=\"8b1220fb33135b5de9e7b81cfaf59c73\")>\nmethod = <selenium.webdriver.support.expected_conditions.presence_of_element_located object at 0x0000025703037908>, message = ''\n\n    def until(self, method, message=''):\n        \"\"\"Calls the method provided with the driver as an argument until the \\\n        return value is not False.\"\"\"\n        screen = None\n        stacktrace = None\n    \n        end_time = time.time() + self._timeout\n        while True:\n            try:\n                value = method(self._driver)\n                if value:\n                    return value\n            except self._ignored_exceptions as exc:\n                screen = getattr(exc, 'screen', None)\n                stacktrace = getattr(exc, 'stacktrace', None)\n            time.sleep(self._poll)\n            if time.time() > end_time:\n                break\n>       raise TimeoutException(message, screen, stacktrace)\nE       selenium.common.exceptions.TimeoutException: Message:\n\nvenv\\lib\\site-packages\\selenium\\webdriver\\support\\wait.py:80: TimeoutException"}, "steps": [{"name": "Verify Trailer by Level on tv detailed page", "status": "broken", "statusDetails": {"message": "selenium.common.exceptions.TimeoutException: Message: \n\n", "trace": "  File \"c:\\users\\lenovo\\pycharmprojects\\mgmupdate\\venv\\lib\\site-packages\\allure_commons\\_allure.py\", line 157, in impl\n    return func(*a, **kw)\n  File \"C:\\Users\\lenovo\\PycharmProjects\\mgmUpdate\\pages\\televisions_page.py\", line 284, in verify_trailerBylevel\n    WebDriverWait(self.browser, 20).until(EC.presence_of_element_located(self.trailer_title))\n  File \"c:\\users\\lenovo\\pycharmprojects\\mgmupdate\\venv\\lib\\site-packages\\selenium\\webdriver\\support\\wait.py\", line 80, in until\n    raise TimeoutException(message, screen, stacktrace)\n"}, "start": 1591093790465, "stop": 1591093813593}], "attachments": [{"name": "Screenshot", "source": "bdbc2a4c-a040-4a65-8735-c4b086eca68f-attachment.png", "type": "image/png"}], "start": 1591093790465, "stop": 1591093813593, "uuid": "e896f87a-35f5-4f35-8064-0a14ef24d887", "historyId": "adbd4cb9624f802ce0166cd9138f512b", "testCaseId": "cf115c8a924a50b0fedf7b1bd3789ac7", "fullName": "tests.test_login#test_trailerBYlevel", "labels": [{"name": "parentSuite", "value": "tests"}, {"name": "suite", "value": "test_login"}, {"name": "host", "value": "DESKTOP-R2VTNMP"}, {"name": "thread", "value": "5048-MainThread"}, {"name": "framework", "value": "pytest"}, {"name": "language", "value": "cpython3"}, {"name": "package", "value": "tests.test_login"}]}