{"name": "Currated List: Veirfy user is able to Share List(s) from Share Button in the fotter pop up", "status": "broken", "statusDetails": {"message": "selenium.common.exceptions.TimeoutException: Message:", "trace": "browser = <selenium.webdriver.chrome.webdriver.WebDriver (session=\"8b1220fb33135b5de9e7b81cfaf59c73\")>\n\n    @allure.title('Currated List: Veirfy user is able to Share List(s) from Share Button in the fotter pop up')\n    def test_ShareListFromFooter(browser):\n        time.sleep(2)\n        mailinator.close_mailinator()\n        time.sleep(2)\n        listpage.VerifyCheckBoxFamily()\n        listpage.ClickFooterShareButton()\n        share.enter_email(mailinator_email2)\n        share.click_buttonToshare()\n        mailinator.openMailinator()\n        time.sleep(2)\n        mailinator.enterEmailinmailinator(mailinator_email2)\n        mailinator.clickGopublic()\n        time.sleep(2)\n>       mailinator.click_initialMail()\n\ntests\\test_login.py:783: \n_ _ _ _ _ _ _ _ _ _ _ _ _ _ _ _ _ _ _ _ _ _ _ _ _ _ _ _ _ _ _ _ _ _ _ _ _ _ _ _ _ _ _ _ _ _ _ _ _ _ _ _ _ _ _ _ _ _ _ _ _ _ _ _ _ _ _ _ _ _ _ _ _ _ _ _ _ _ _ _ _ _ _ _ _ _ _ _ _ _ _ _ _ _ \npages\\mailinator.py:47: in click_initialMail\n    WebDriverWait(self.browser, 80).until(EC.presence_of_element_located(self.mail_subName))\n_ _ _ _ _ _ _ _ _ _ _ _ _ _ _ _ _ _ _ _ _ _ _ _ _ _ _ _ _ _ _ _ _ _ _ _ _ _ _ _ _ _ _ _ _ _ _ _ _ _ _ _ _ _ _ _ _ _ _ _ _ _ _ _ _ _ _ _ _ _ _ _ _ _ _ _ _ _ _ _ _ _ _ _ _ _ _ _ _ _ _ _ _ _ \n\nself = <selenium.webdriver.support.wait.WebDriverWait (session=\"8b1220fb33135b5de9e7b81cfaf59c73\")>\nmethod = <selenium.webdriver.support.expected_conditions.presence_of_element_located object at 0x00000257035FD4E0>, message = ''\n\n    def until(self, method, message=''):\n        \"\"\"Calls the method provided with the driver as an argument until the \\\n        return value is not False.\"\"\"\n        screen = None\n        stacktrace = None\n    \n        end_time = time.time() + self._timeout\n        while True:\n            try:\n                value = method(self._driver)\n                if value:\n                    return value\n            except self._ignored_exceptions as exc:\n                screen = getattr(exc, 'screen', None)\n                stacktrace = getattr(exc, 'stacktrace', None)\n            time.sleep(self._poll)\n            if time.time() > end_time:\n                break\n>       raise TimeoutException(message, screen, stacktrace)\nE       selenium.common.exceptions.TimeoutException: Message:\n\nvenv\\lib\\site-packages\\selenium\\webdriver\\support\\wait.py:80: TimeoutException"}, "steps": [{"name": "Close mailinator window", "status": "passed", "start": 1591091249505, "stop": 1591091249594}, {"name": "Click Checkbox Family List", "status": "passed", "start": 1591091251597, "stop": 1591091257957}, {"name": "Enter email id in share list popup ", "status": "passed", "parameters": [{"name": "em", "value": "'test3909@mailinator.com'"}], "start": 1591091260233, "stop": 1591091262644}, {"name": "Click on button to share list on email", "status": "passed", "start": 1591091262644, "stop": 1591091266868}, {"name": "Open Url for mailinator", "status": "passed", "start": 1591091266868, "stop": 1591091275846}, {"name": "Enter email into mailinator to search appointment ", "status": "passed", "parameters": [{"name": "em", "value": "'test3909@mailinator.com'"}], "start": 1591091277848, "stop": 1591091278229}, {"name": "Click on go to public ", "status": "passed", "start": 1591091278229, "stop": 1591091282540}, {"name": "Click on initial mail", "status": "broken", "statusDetails": {"message": "selenium.common.exceptions.TimeoutException: Message: \n\n", "trace": "  File \"c:\\users\\lenovo\\pycharmprojects\\mgmupdate\\venv\\lib\\site-packages\\allure_commons\\_allure.py\", line 157, in impl\n    return func(*a, **kw)\n  File \"C:\\Users\\lenovo\\PycharmProjects\\mgmUpdate\\pages\\mailinator.py\", line 47, in click_initialMail\n    WebDriverWait(self.browser, 80).until(EC.presence_of_element_located(self.mail_subName))\n  File \"c:\\users\\lenovo\\pycharmprojects\\mgmupdate\\venv\\lib\\site-packages\\selenium\\webdriver\\support\\wait.py\", line 80, in until\n    raise TimeoutException(message, screen, stacktrace)\n"}, "start": 1591091284544, "stop": 1591091368974}], "attachments": [{"name": "Screenshot", "source": "256a45a5-f076-45cc-bb19-90507ecf9da3-attachment.png", "type": "image/png"}], "start": 1591091247504, "stop": 1591091368975, "uuid": "9cda40e7-ca9c-48a8-acf5-6b1549889788", "historyId": "983b09719b31ad22ae92804ceec33c98", "testCaseId": "21c3b3e814a6bcfd65836ab428671823", "fullName": "tests.test_login#test_ShareListFromFooter", "labels": [{"name": "parentSuite", "value": "tests"}, {"name": "suite", "value": "test_login"}, {"name": "host", "value": "DESKTOP-R2VTNMP"}, {"name": "thread", "value": "5048-MainThread"}, {"name": "framework", "value": "pytest"}, {"name": "language", "value": "cpython3"}, {"name": "package", "value": "tests.test_login"}]}