{
  "uid" : "f1310e9e8c2b44d6",
  "name" : "Currated List: Veirfy user is able to Share List(s) from Share Button in the fotter pop up",
  "fullName" : "tests.test_login#test_ShareListFromFooter",
  "historyId" : "983b09719b31ad22ae92804ceec33c98",
  "time" : {
    "start" : 1591091247504,
    "stop" : 1591091368975,
    "duration" : 121471
  },
  "status" : "broken",
  "statusMessage" : "selenium.common.exceptions.TimeoutException: Message:",
  "statusTrace" : "browser = <selenium.webdriver.chrome.webdriver.WebDriver (session=\"8b1220fb33135b5de9e7b81cfaf59c73\")>\n\n    @allure.title('Currated List: Veirfy user is able to Share List(s) from Share Button in the fotter pop up')\n    def test_ShareListFromFooter(browser):\n        time.sleep(2)\n        mailinator.close_mailinator()\n        time.sleep(2)\n        listpage.VerifyCheckBoxFamily()\n        listpage.ClickFooterShareButton()\n        share.enter_email(mailinator_email2)\n        share.click_buttonToshare()\n        mailinator.openMailinator()\n        time.sleep(2)\n        mailinator.enterEmailinmailinator(mailinator_email2)\n        mailinator.clickGopublic()\n        time.sleep(2)\n>       mailinator.click_initialMail()\n\ntests\\test_login.py:783: \n_ _ _ _ _ _ _ _ _ _ _ _ _ _ _ _ _ _ _ _ _ _ _ _ _ _ _ _ _ _ _ _ _ _ _ _ _ _ _ _ _ _ _ _ _ _ _ _ _ _ _ _ _ _ _ _ _ _ _ _ _ _ _ _ _ _ _ _ _ _ _ _ _ _ _ _ _ _ _ _ _ _ _ _ _ _ _ _ _ _ _ _ _ _ \npages\\mailinator.py:47: in click_initialMail\n    WebDriverWait(self.browser, 80).until(EC.presence_of_element_located(self.mail_subName))\n_ _ _ _ _ _ _ _ _ _ _ _ _ _ _ _ _ _ _ _ _ _ _ _ _ _ _ _ _ _ _ _ _ _ _ _ _ _ _ _ _ _ _ _ _ _ _ _ _ _ _ _ _ _ _ _ _ _ _ _ _ _ _ _ _ _ _ _ _ _ _ _ _ _ _ _ _ _ _ _ _ _ _ _ _ _ _ _ _ _ _ _ _ _ \n\nself = <selenium.webdriver.support.wait.WebDriverWait (session=\"8b1220fb33135b5de9e7b81cfaf59c73\")>\nmethod = <selenium.webdriver.support.expected_conditions.presence_of_element_located object at 0x00000257035FD4E0>, message = ''\n\n    def until(self, method, message=''):\n        \"\"\"Calls the method provided with the driver as an argument until the \\\n        return value is not False.\"\"\"\n        screen = None\n        stacktrace = None\n    \n        end_time = time.time() + self._timeout\n        while True:\n            try:\n                value = method(self._driver)\n                if value:\n                    return value\n            except self._ignored_exceptions as exc:\n                screen = getattr(exc, 'screen', None)\n                stacktrace = getattr(exc, 'stacktrace', None)\n            time.sleep(self._poll)\n            if time.time() > end_time:\n                break\n>       raise TimeoutException(message, screen, stacktrace)\nE       selenium.common.exceptions.TimeoutException: Message:\n\nvenv\\lib\\site-packages\\selenium\\webdriver\\support\\wait.py:80: TimeoutException",
  "flaky" : false,
  "newFailed" : false,
  "beforeStages" : [ {
    "name" : "config",
    "time" : {
      "start" : 1591090218494,
      "stop" : 1591090218494,
      "duration" : 0
    },
    "status" : "passed",
    "steps" : [ ],
    "attachments" : [ ],
    "parameters" : [ ],
    "stepsCount" : 0,
    "hasContent" : false,
    "shouldDisplayMessage" : false,
    "attachmentsCount" : 0
  }, {
    "name" : "config_executor",
    "time" : {
      "start" : 1591090218494,
      "stop" : 1591090218494,
      "duration" : 0
    },
    "status" : "passed",
    "steps" : [ ],
    "attachments" : [ ],
    "parameters" : [ ],
    "stepsCount" : 0,
    "hasContent" : false,
    "shouldDisplayMessage" : false,
    "attachmentsCount" : 0
  }, {
    "name" : "config_wait_time",
    "time" : {
      "start" : 1591090218494,
      "stop" : 1591090218494,
      "duration" : 0
    },
    "status" : "passed",
    "steps" : [ ],
    "attachments" : [ ],
    "parameters" : [ ],
    "stepsCount" : 0,
    "hasContent" : false,
    "shouldDisplayMessage" : false,
    "attachmentsCount" : 0
  }, {
    "name" : "browser",
    "time" : {
      "start" : 1591090218494,
      "stop" : 1591090225344,
      "duration" : 6850
    },
    "status" : "passed",
    "steps" : [ ],
    "attachments" : [ ],
    "parameters" : [ ],
    "stepsCount" : 0,
    "hasContent" : false,
    "shouldDisplayMessage" : false,
    "attachmentsCount" : 0
  }, {
    "name" : "config_browser",
    "time" : {
      "start" : 1591090218494,
      "stop" : 1591090218494,
      "duration" : 0
    },
    "status" : "passed",
    "steps" : [ ],
    "attachments" : [ ],
    "parameters" : [ ],
    "stepsCount" : 0,
    "hasContent" : false,
    "shouldDisplayMessage" : false,
    "attachmentsCount" : 0
  } ],
  "testStage" : {
    "status" : "broken",
    "statusMessage" : "selenium.common.exceptions.TimeoutException: Message:",
    "statusTrace" : "browser = <selenium.webdriver.chrome.webdriver.WebDriver (session=\"8b1220fb33135b5de9e7b81cfaf59c73\")>\n\n    @allure.title('Currated List: Veirfy user is able to Share List(s) from Share Button in the fotter pop up')\n    def test_ShareListFromFooter(browser):\n        time.sleep(2)\n        mailinator.close_mailinator()\n        time.sleep(2)\n        listpage.VerifyCheckBoxFamily()\n        listpage.ClickFooterShareButton()\n        share.enter_email(mailinator_email2)\n        share.click_buttonToshare()\n        mailinator.openMailinator()\n        time.sleep(2)\n        mailinator.enterEmailinmailinator(mailinator_email2)\n        mailinator.clickGopublic()\n        time.sleep(2)\n>       mailinator.click_initialMail()\n\ntests\\test_login.py:783: \n_ _ _ _ _ _ _ _ _ _ _ _ _ _ _ _ _ _ _ _ _ _ _ _ _ _ _ _ _ _ _ _ _ _ _ _ _ _ _ _ _ _ _ _ _ _ _ _ _ _ _ _ _ _ _ _ _ _ _ _ _ _ _ _ _ _ _ _ _ _ _ _ _ _ _ _ _ _ _ _ _ _ _ _ _ _ _ _ _ _ _ _ _ _ \npages\\mailinator.py:47: in click_initialMail\n    WebDriverWait(self.browser, 80).until(EC.presence_of_element_located(self.mail_subName))\n_ _ _ _ _ _ _ _ _ _ _ _ _ _ _ _ _ _ _ _ _ _ _ _ _ _ _ _ _ _ _ _ _ _ _ _ _ _ _ _ _ _ _ _ _ _ _ _ _ _ _ _ _ _ _ _ _ _ _ _ _ _ _ _ _ _ _ _ _ _ _ _ _ _ _ _ _ _ _ _ _ _ _ _ _ _ _ _ _ _ _ _ _ _ \n\nself = <selenium.webdriver.support.wait.WebDriverWait (session=\"8b1220fb33135b5de9e7b81cfaf59c73\")>\nmethod = <selenium.webdriver.support.expected_conditions.presence_of_element_located object at 0x00000257035FD4E0>, message = ''\n\n    def until(self, method, message=''):\n        \"\"\"Calls the method provided with the driver as an argument until the \\\n        return value is not False.\"\"\"\n        screen = None\n        stacktrace = None\n    \n        end_time = time.time() + self._timeout\n        while True:\n            try:\n                value = method(self._driver)\n                if value:\n                    return value\n            except self._ignored_exceptions as exc:\n                screen = getattr(exc, 'screen', None)\n                stacktrace = getattr(exc, 'stacktrace', None)\n            time.sleep(self._poll)\n            if time.time() > end_time:\n                break\n>       raise TimeoutException(message, screen, stacktrace)\nE       selenium.common.exceptions.TimeoutException: Message:\n\nvenv\\lib\\site-packages\\selenium\\webdriver\\support\\wait.py:80: TimeoutException",
    "steps" : [ {
      "name" : "Close mailinator window",
      "time" : {
        "start" : 1591091249505,
        "stop" : 1591091249594,
        "duration" : 89
      },
      "status" : "passed",
      "steps" : [ ],
      "attachments" : [ ],
      "parameters" : [ ],
      "stepsCount" : 0,
      "hasContent" : false,
      "shouldDisplayMessage" : false,
      "attachmentsCount" : 0
    }, {
      "name" : "Click Checkbox Family List",
      "time" : {
        "start" : 1591091251597,
        "stop" : 1591091257957,
        "duration" : 6360
      },
      "status" : "passed",
      "steps" : [ ],
      "attachments" : [ ],
      "parameters" : [ ],
      "stepsCount" : 0,
      "hasContent" : false,
      "shouldDisplayMessage" : false,
      "attachmentsCount" : 0
    }, {
      "name" : "Enter email id in share list popup ",
      "time" : {
        "start" : 1591091260233,
        "stop" : 1591091262644,
        "duration" : 2411
      },
      "status" : "passed",
      "steps" : [ ],
      "attachments" : [ ],
      "parameters" : [ {
        "name" : "em",
        "value" : "'test3909@mailinator.com'"
      } ],
      "stepsCount" : 0,
      "hasContent" : true,
      "shouldDisplayMessage" : false,
      "attachmentsCount" : 0
    }, {
      "name" : "Click on button to share list on email",
      "time" : {
        "start" : 1591091262644,
        "stop" : 1591091266868,
        "duration" : 4224
      },
      "status" : "passed",
      "steps" : [ ],
      "attachments" : [ ],
      "parameters" : [ ],
      "stepsCount" : 0,
      "hasContent" : false,
      "shouldDisplayMessage" : false,
      "attachmentsCount" : 0
    }, {
      "name" : "Open Url for mailinator",
      "time" : {
        "start" : 1591091266868,
        "stop" : 1591091275846,
        "duration" : 8978
      },
      "status" : "passed",
      "steps" : [ ],
      "attachments" : [ ],
      "parameters" : [ ],
      "stepsCount" : 0,
      "hasContent" : false,
      "shouldDisplayMessage" : false,
      "attachmentsCount" : 0
    }, {
      "name" : "Enter email into mailinator to search appointment ",
      "time" : {
        "start" : 1591091277848,
        "stop" : 1591091278229,
        "duration" : 381
      },
      "status" : "passed",
      "steps" : [ ],
      "attachments" : [ ],
      "parameters" : [ {
        "name" : "em",
        "value" : "'test3909@mailinator.com'"
      } ],
      "stepsCount" : 0,
      "hasContent" : true,
      "shouldDisplayMessage" : false,
      "attachmentsCount" : 0
    }, {
      "name" : "Click on go to public ",
      "time" : {
        "start" : 1591091278229,
        "stop" : 1591091282540,
        "duration" : 4311
      },
      "status" : "passed",
      "steps" : [ ],
      "attachments" : [ ],
      "parameters" : [ ],
      "stepsCount" : 0,
      "hasContent" : false,
      "shouldDisplayMessage" : false,
      "attachmentsCount" : 0
    }, {
      "name" : "Click on initial mail",
      "time" : {
        "start" : 1591091284544,
        "stop" : 1591091368974,
        "duration" : 84430
      },
      "status" : "broken",
      "statusMessage" : "selenium.common.exceptions.TimeoutException: Message: \n\n",
      "statusTrace" : "  File \"c:\\users\\lenovo\\pycharmprojects\\mgmupdate\\venv\\lib\\site-packages\\allure_commons\\_allure.py\", line 157, in impl\n    return func(*a, **kw)\n  File \"C:\\Users\\lenovo\\PycharmProjects\\mgmUpdate\\pages\\mailinator.py\", line 47, in click_initialMail\n    WebDriverWait(self.browser, 80).until(EC.presence_of_element_located(self.mail_subName))\n  File \"c:\\users\\lenovo\\pycharmprojects\\mgmupdate\\venv\\lib\\site-packages\\selenium\\webdriver\\support\\wait.py\", line 80, in until\n    raise TimeoutException(message, screen, stacktrace)\n",
      "steps" : [ ],
      "attachments" : [ ],
      "parameters" : [ ],
      "stepsCount" : 0,
      "hasContent" : true,
      "shouldDisplayMessage" : true,
      "attachmentsCount" : 0
    } ],
    "attachments" : [ {
      "uid" : "85e15a341b2e67bf",
      "name" : "Screenshot",
      "source" : "85e15a341b2e67bf.png",
      "type" : "image/png",
      "size" : 56077
    } ],
    "parameters" : [ ],
    "stepsCount" : 8,
    "hasContent" : true,
    "shouldDisplayMessage" : true,
    "attachmentsCount" : 1
  },
  "afterStages" : [ {
    "name" : "browser::0",
    "time" : {
      "start" : 1591095477993,
      "stop" : 1591095480346,
      "duration" : 2353
    },
    "status" : "passed",
    "steps" : [ ],
    "attachments" : [ ],
    "parameters" : [ ],
    "stepsCount" : 0,
    "hasContent" : false,
    "shouldDisplayMessage" : false,
    "attachmentsCount" : 0
  } ],
  "labels" : [ {
    "name" : "parentSuite",
    "value" : "tests"
  }, {
    "name" : "suite",
    "value" : "test_login"
  }, {
    "name" : "host",
    "value" : "DESKTOP-R2VTNMP"
  }, {
    "name" : "thread",
    "value" : "5048-MainThread"
  }, {
    "name" : "framework",
    "value" : "pytest"
  }, {
    "name" : "language",
    "value" : "cpython3"
  }, {
    "name" : "package",
    "value" : "tests.test_login"
  }, {
    "name" : "resultFormat",
    "value" : "allure2"
  } ],
  "parameters" : [ ],
  "links" : [ ],
  "hidden" : false,
  "retry" : false,
  "extra" : {
    "severity" : "normal",
    "retries" : [ ],
    "categories" : [ {
      "name" : "Test defects",
      "matchedStatuses" : [ ],
      "flaky" : false
    } ],
    "tags" : [ ]
  },
  "source" : "f1310e9e8c2b44d6.json",
  "parameterValues" : [ ]
}